Arguments: 
  /usr/local/bin/node /usr/local/Cellar/yarn/1.22.0/libexec/bin/yarn.js init

PATH: 
  /usr/local/bin:/usr/bin:/bin:/usr/sbin:/sbin:/Users/a-tione/Documents/tione/node_modules/.bin

Yarn version: 
  1.22.0

Node version: 
  8.11.0

Platform: 
  darwin x64

Trace: 
  Error: canceled
      at Interface.<anonymous> (/usr/local/Cellar/yarn/1.22.0/libexec/lib/cli.js:136987:13)
      at emitNone (events.js:106:13)
      at Interface.emit (events.js:208:7)
      at Interface._ttyWrite (readline.js:775:16)
      at ReadStream.onkeypress (readline.js:160:10)
      at emitTwo (events.js:126:13)
      at ReadStream.emit (events.js:214:7)
      at emitKeys (internal/readline.js:420:14)
      at emitKeys.next (<anonymous>)
      at ReadStream.onData (readline.js:1011:36)

npm manifest: 
  {
    "name": "tione",
    "version": "0.0.3",
    "description": "一个基于vue的ui组件库",
    "main": "dist/index.js",
    "scripts": {
      "start": "parcel index.html --no-cache",
      "dev-test": "parcel watch test/* --no-cache & karma start",
      "test": "parcel build test/* --no-minify && karma start --single-run",
      "docs:dev": "vuepress dev docs",
      "docs:build": "vuepress build docs"
    },
    "author": "A-Tione",
    "license": "MIT",
    "dependencies": {
      "vue": "^2.6.10",
      "vue-hot-reload-api": "^2.3.4"
    },
    "devDependencies": {
      "@vue/component-compiler-utils": "^3.0.0",
      "chai": "^4.2.0",
      "chai-spies": "^1.0.0",
      "karma": "^4.4.1",
      "karma-chai": "^0.1.0",
      "karma-chai-spies": "^0.1.4",
      "karma-chrome-launcher": "^3.1.0",
      "karma-mocha": "^1.3.0",
      "karma-sinon-chai": "^2.0.2",
      "mocha": "^6.2.2",
      "parcel-bundler": "^1.12.3",
      "sass": "^1.23.0",
      "sinon": "^7.5.0",
      "sinon-chai": "^3.3.0",
      "vue-template-compiler": "^2.6.10",
      "vuepress": "^1.3.1"
    },
    "alias": {
      "vue": "./node_modules/vue/dist/vue.common.js"
    }
  }

yarn manifest: 
  No manifest

Lockfile: 
  No lockfile
